08-24 06:12:30 INFO    perf record --call-graph dwarf -a ../lmbench/lmbench3/bin/lat_syscall null
08-24 06:12:31 INFO    Simple syscall: 0.2199 microseconds
[ perf record: Woken up 0 times to write data ]
[ perf record: Captured and wrote 0.000 MB (null) ]

08-24 06:12:31 ERROR   <_io.TextIOWrapper name='<stderr>' mode='w' encoding='UTF-8'>
08-24 06:13:43 INFO    perf record --call-graph dwarf -a ../lmbench/lmbench3/bin/lat_syscall null
08-24 06:13:45 INFO    Simple syscall: 0.2193 microseconds
[ perf record: Woken up 0 times to write data ]
[ perf record: Captured and wrote 0.000 MB (null) ]

08-24 06:13:45 ERROR   <_io.TextIOWrapper name='<stderr>' mode='w' encoding='UTF-8'>
08-24 06:15:08 INFO    perf record --call-graph dwarf -a ../lmbench/lmbench3/bin/lat_syscall null
08-24 06:15:17 ERROR   <_io.TextIOWrapper name='<stderr>' mode='w' encoding='UTF-8'>
08-24 06:15:17 INFO    Perf RECORD Data Analysis is starting
08-24 06:17:11 INFO    perf record --call-graph dwarf -a ../lmbench/lmbench3/bin/lat_syscall null
08-24 06:17:13 ERROR   <_io.TextIOWrapper name='<stderr>' mode='w' encoding='UTF-8'>
08-24 06:17:28 INFO    perf record --call-graph dwarf -a ../lmbench/lmbench3/bin/lat_syscall null
08-24 06:17:30 ERROR   <_io.TextIOWrapper name='<stderr>' mode='w' encoding='UTF-8'>
08-24 06:17:32 INFO    perf record --call-graph dwarf -a ../lmbench/lmbench3/bin/lat_syscall null
08-24 06:17:33 ERROR   <_io.TextIOWrapper name='<stderr>' mode='w' encoding='UTF-8'>
08-24 06:17:35 INFO    perf record --call-graph dwarf -a ../lmbench/lmbench3/bin/lat_syscall null
08-24 06:17:37 ERROR   <_io.TextIOWrapper name='<stderr>' mode='w' encoding='UTF-8'>
08-24 06:17:47 INFO    perf record --call-graph dwarf -a ../lmbench/lmbench3/bin/lat_syscall null
08-24 06:17:49 ERROR   <_io.TextIOWrapper name='<stderr>' mode='w' encoding='UTF-8'>
08-24 06:18:22 INFO    perf record --call-graph dwarf -a ../lmbench/lmbench3/bin/lat_syscall null
08-24 06:18:32 ERROR   <_io.TextIOWrapper name='<stderr>' mode='w' encoding='UTF-8'>
08-24 06:18:32 INFO    Perf RECORD Data Analysis is starting
08-24 06:18:44 INFO    perf record --call-graph dwarf -a ../lmbench/lmbench3/bin/lat_syscall null
08-24 06:18:54 ERROR   <_io.TextIOWrapper name='<stderr>' mode='w' encoding='UTF-8'>
08-24 06:18:54 INFO    Perf RECORD Data Analysis is starting
08-24 06:24:24 INFO    perf record --call-graph dwarf -a ../lmbench/lmbench3/bin/lat_syscall null
08-24 06:24:35 ERROR   <_io.TextIOWrapper name='<stderr>' mode='w' encoding='UTF-8'>
08-24 06:24:35 INFO    Perf RECORD Data Analysis is starting
08-24 06:25:44 INFO    perf record --call-graph dwarf -a ../lmbench/lmbench3/bin/lat_syscall null
08-24 06:25:54 ERROR   Command '['perf', 'script', '-i', 'perf.data']' returned non-zero exit status 1.
08-24 06:25:54 INFO    Perf RECORD Data Analysis is starting
08-24 06:29:22 INFO    perf record --call-graph dwarf -a ../lmbench/lmbench3/bin/lat_syscall null
08-24 06:29:33 ERROR   [Errno 2] No such file or directory: 'PMU_rec_logs/record_1598268562.602769/out.perf'
08-24 06:29:33 INFO    Perf RECORD Data Analysis is starting
08-24 06:30:46 INFO    perf record --call-graph dwarf -a ../lmbench/lmbench3/bin/lat_syscall null
08-24 06:30:56 ERROR   [Errno 2] No such file or directory: 'PMU_rec_logs/record_1598268646.57853/out.perf'
08-24 06:30:56 INFO    Perf RECORD Data Analysis is starting
08-24 06:31:55 INFO    perf record --call-graph dwarf -a ../lmbench/lmbench3/bin/lat_syscall null
08-24 06:32:05 ERROR   [Errno 2] No such file or directory: 'PMU_rec_logs/record_1598268715.753255/out.perf'
08-24 06:32:05 INFO    Perf RECORD Data Analysis is starting
08-24 06:34:25 INFO    perf record --call-graph dwarf -a ../lmbench/lmbench3/bin/lat_syscall null
08-24 06:34:36 ERROR   [Errno 2] No such file or directory: 'PMU_rec_logs/record_1598268865.559289/out.perf'
08-24 06:34:36 INFO    Perf RECORD Data Analysis is starting
08-24 06:37:12 INFO    perf record --call-graph dwarf -a ../lmbench/lmbench3/bin/lat_syscall null
08-24 06:37:22 ERROR   [Errno 2] No such file or directory: 'PMU_rec_logs/record_1598269032.092988/out.perf'
08-24 06:37:22 INFO    Perf RECORD Data Analysis is starting
08-24 06:38:24 INFO    perf record --call-graph dwarf -a ../lmbench/lmbench3/bin/lat_syscall null
08-24 06:38:35 ERROR   [Errno 2] No such file or directory: 'PMU_rec_logs/record_1598269104.934909/out.perf'
08-24 06:38:35 INFO    Perf RECORD Data Analysis is starting
08-24 06:38:53 INFO    perf record --call-graph dwarf -a ../lmbench/lmbench3/bin/lat_syscall null
08-24 06:39:04 ERROR   [Errno 2] No such file or directory: 'PMU_rec_logs/record_1598269133.67044/out.perf'
08-24 06:39:04 INFO    Perf RECORD Data Analysis is starting
08-24 06:42:45 INFO    perf record --call-graph dwarf -a ../lmbench/lmbench3/bin/lat_syscall null
08-24 06:42:55 ERROR   [Errno 2] No such file or directory: 'PMU_rec_logs/record_1598269365.276351/out.perf'
08-24 06:42:55 INFO    Perf RECORD Data Analysis is starting
08-24 06:44:43 INFO    perf record --call-graph dwarf -a ../lmbench/lmbench3/bin/lat_syscall null
08-24 06:45:43 INFO    Perf RECORD Data Analysis is starting
08-24 07:55:49 INFO    perf record --call-graph dwarf -a ../lmbench/lmbench3/bin/lat_syscall null
08-24 07:55:58 INFO    Creating Flamegraph
08-24 07:56:47 INFO    Perf RECORD Data Analysis is starting
08-24 08:26:57 INFO    perf record --call-graph dwarf -a ../lmbench/lmbench3/bin/lat_syscall null
08-24 08:26:57 INFO    Creating Flamegraph
08-24 08:26:57 ERROR   Command '['perf', 'script', '-i', 'perf.data']' returned non-zero exit status 255.
08-24 08:26:57 INFO    Perf RECORD Data Analysis is starting
08-24 08:27:04 INFO    perf record --call-graph dwarf -a ../lmbench/lmbench3/bin/lat_syscall null
08-24 08:27:13 INFO    Creating Flamegraph
08-24 08:28:02 INFO    Perf RECORD Data Analysis is starting
08-24 09:15:34 INFO    EBPF Tracing is starting
08-24 09:15:34 INFO    <Command '/usr/bin/readelf -Ws...(36 more)' call_args {'bg': False, 'with'...(495 more)>: starting process
08-24 09:15:34 INFO    deregister_tm_clones

08-24 09:15:34 INFO    Starting the Profiler
08-24 09:15:34 INFO    <Command '/usr/bin/perf probe ...(10 more)' call_args {'bg': False, 'with'...(500 more)>: starting process
08-24 09:15:35 INFO    Tracing --- hit ctrl-c to end.
08-24 09:15:35 INFO    Starting the Run

08-24 09:15:36 INFO    Run Finished

08-24 09:15:36 INFO    Detaching ...
08-24 09:15:36 INFO    register_tm_clones

08-24 09:15:36 INFO    Starting the Profiler
08-24 09:15:36 INFO    <Command '/usr/bin/perf probe ...(10 more)' call_args {'bg': False, 'with'...(500 more)>: starting process
08-24 09:15:37 INFO    Tracing --- hit ctrl-c to end.
08-24 09:15:37 INFO    Starting the Run

08-24 09:15:38 INFO    Run Finished

08-24 09:15:38 INFO    Detaching ...
08-24 09:15:38 INFO    __do_global_dtors_aux

08-24 09:15:38 INFO    Starting the Profiler
08-24 09:15:38 INFO    <Command '/usr/bin/perf probe ...(10 more)' call_args {'bg': False, 'with'...(500 more)>: starting process
08-24 09:15:38 INFO    Tracing --- hit ctrl-c to end.
08-24 09:15:39 INFO    Starting the Run

08-24 09:15:39 INFO    Run Finished

08-24 09:15:39 INFO    Detaching ...
08-24 09:15:39 INFO    frame_dummy

08-24 09:15:39 INFO    Starting the Profiler
08-24 09:15:39 INFO    <Command '/usr/bin/perf probe ...(10 more)' call_args {'bg': False, 'with'...(500 more)>: starting process
08-24 09:15:40 INFO    Tracing --- hit ctrl-c to end.
08-24 09:15:40 INFO    Starting the Run

08-24 09:15:41 INFO    Run Finished

08-24 09:15:41 INFO    Detaching ...
08-24 09:15:41 INFO    init_timing

08-24 09:15:41 INFO    Starting the Profiler
08-24 09:15:41 INFO    <Command '/usr/bin/perf probe ...(10 more)' call_args {'bg': False, 'with'...(500 more)>: starting process
08-24 09:15:42 INFO    Tracing --- hit ctrl-c to end.
08-24 09:15:42 INFO    Starting the Run

08-24 09:15:42 INFO    Run Finished

08-24 09:15:42 INFO    Detaching ...
08-24 09:15:43 INFO    save_minimum

08-24 09:15:43 INFO    Starting the Profiler
08-24 09:15:43 INFO    <Command '/usr/bin/perf probe ...(10 more)' call_args {'bg': False, 'with'...(500 more)>: starting process
08-24 09:15:43 INFO    Tracing --- hit ctrl-c to end.
08-24 09:15:44 INFO    Starting the Run

08-24 09:15:44 INFO    Run Finished

08-24 09:15:44 INFO    Detaching ...
08-24 09:15:44 INFO    get_n

08-24 09:15:44 INFO    Starting the Profiler
08-24 09:15:44 INFO    <Command '/usr/bin/perf probe ...(10 more)' call_args {'bg': False, 'with'...(500 more)>: starting process
08-24 09:15:45 INFO    Tracing --- hit ctrl-c to end.
08-24 09:15:45 INFO    Starting the Run

08-24 09:15:46 INFO    Detaching ...
08-24 09:16:17 INFO    EBPF Tracing is starting
08-24 09:16:17 INFO    <Command '/usr/bin/readelf -Ws...(36 more)' call_args {'bg': False, 'with'...(495 more)>: starting process
08-24 09:16:18 INFO    deregister_tm_clones

08-24 09:16:18 INFO    Starting the Profiler
08-24 09:16:18 INFO    <Command '/usr/bin/perf probe ...(10 more)' call_args {'bg': False, 'with'...(500 more)>: starting process
08-24 09:16:18 INFO    Tracing --- hit ctrl-c to end.
08-24 09:16:19 INFO    Starting the Run

08-24 09:16:19 INFO    Run Finished

08-24 09:16:19 INFO    Detaching ...
08-24 09:16:19 INFO    register_tm_clones

08-24 09:16:19 INFO    Starting the Profiler
08-24 09:16:19 INFO    <Command '/usr/bin/perf probe ...(10 more)' call_args {'bg': False, 'with'...(500 more)>: starting process
08-24 09:16:20 INFO    Tracing --- hit ctrl-c to end.
08-24 09:16:20 INFO    Starting the Run

08-24 09:16:21 INFO    Run Finished

08-24 09:16:21 INFO    Detaching ...
08-24 09:16:21 INFO    __do_global_dtors_aux

08-24 09:16:21 INFO    Starting the Profiler
08-24 09:16:21 INFO    <Command '/usr/bin/perf probe ...(10 more)' call_args {'bg': False, 'with'...(500 more)>: starting process
08-24 09:16:22 INFO    Tracing --- hit ctrl-c to end.
08-24 09:16:22 INFO    Starting the Run

08-24 09:16:22 INFO    Run Finished

08-24 09:16:22 INFO    Detaching ...
08-24 09:16:22 INFO    frame_dummy

08-24 09:16:22 INFO    Starting the Profiler
08-24 09:16:22 INFO    <Command '/usr/bin/perf probe ...(10 more)' call_args {'bg': False, 'with'...(500 more)>: starting process
08-24 09:16:23 INFO    Tracing --- hit ctrl-c to end.
08-24 09:16:23 INFO    Starting the Run

08-24 09:16:24 INFO    Run Finished

08-24 09:16:24 INFO    Detaching ...
08-24 09:16:24 INFO    init_timing

08-24 09:16:24 INFO    Starting the Profiler
08-24 09:16:24 INFO    <Command '/usr/bin/perf probe ...(10 more)' call_args {'bg': False, 'with'...(500 more)>: starting process
08-24 09:16:25 INFO    Tracing --- hit ctrl-c to end.
08-24 09:16:25 INFO    Starting the Run

08-24 09:16:26 INFO    Run Finished

08-24 09:16:26 INFO    Detaching ...
08-24 09:16:26 INFO    save_minimum

08-24 09:16:26 INFO    Starting the Profiler
08-24 09:16:26 INFO    <Command '/usr/bin/perf probe ...(10 more)' call_args {'bg': False, 'with'...(500 more)>: starting process
08-24 09:16:26 INFO    Tracing --- hit ctrl-c to end.
08-24 09:16:27 INFO    Starting the Run

08-24 09:16:27 INFO    Run Finished

08-24 09:16:27 INFO    Detaching ...
08-24 09:16:27 INFO    get_n

08-24 09:16:27 INFO    Starting the Profiler
08-24 09:16:27 INFO    <Command '/usr/bin/perf probe ...(10 more)' call_args {'bg': False, 'with'...(500 more)>: starting process
08-24 09:16:28 INFO    Tracing --- hit ctrl-c to end.
08-24 09:16:28 INFO    Starting the Run

08-24 09:16:29 INFO    Run Finished

08-24 09:16:29 INFO    Detaching ...
08-24 09:16:29 INFO    _fini

08-24 09:16:29 INFO    Starting the Profiler
08-24 09:16:29 INFO    <Command '/usr/bin/perf probe ...(10 more)' call_args {'bg': False, 'with'...(500 more)>: starting process
08-24 09:16:30 INFO    Tracing --- hit ctrl-c to end.
08-24 09:16:30 INFO    Starting the Run

08-24 09:16:30 INFO    Run Finished

08-24 09:16:30 INFO    Detaching ...
08-24 09:16:31 INFO    mygetopt

08-24 09:16:31 INFO    Starting the Profiler
08-24 09:16:31 INFO    <Command '/usr/bin/perf probe ...(10 more)' call_args {'bg': False, 'with'...(500 more)>: starting process
08-24 09:16:31 INFO    Tracing --- hit ctrl-c to end.
08-24 09:16:32 INFO    Starting the Run

08-24 09:16:32 INFO    Run Finished

08-24 09:16:32 INFO    Detaching ...
08-24 09:16:32 INFO    usecs_spent

08-24 09:16:32 INFO    Starting the Profiler
08-24 09:16:32 INFO    <Command '/usr/bin/perf probe ...(10 more)' call_args {'bg': False, 'with'...(500 more)>: starting process
08-24 09:16:33 INFO    Tracing --- hit ctrl-c to end.
08-24 09:16:33 INFO    Starting the Run

08-24 09:16:34 INFO    Run Finished

08-24 09:16:34 INFO    Detaching ...
08-24 09:16:34 INFO    stop

08-24 09:16:34 INFO    Starting the Profiler
08-24 09:16:34 INFO    <Command '/usr/bin/perf probe ...(10 more)' call_args {'bg': False, 'with'...(500 more)>: starting process
08-24 09:16:35 INFO    Tracing --- hit ctrl-c to end.
08-24 09:16:35 INFO    Starting the Run

08-24 09:16:35 INFO    Run Finished

08-24 09:16:35 INFO    Detaching ...
08-24 09:16:35 INFO    benchmp

08-24 09:16:36 INFO    Starting the Profiler
08-24 09:16:36 INFO    <Command '/usr/bin/perf probe ...(10 more)' call_args {'bg': False, 'with'...(500 more)>: starting process
08-24 09:16:36 INFO    Tracing --- hit ctrl-c to end.
08-24 09:16:37 INFO    Starting the Run

08-24 09:16:37 INFO    Run Finished

08-24 09:16:37 INFO    Detaching ...
08-24 09:16:37 INFO    tvdelta

08-24 09:16:37 INFO    Starting the Profiler
08-24 09:16:37 INFO    <Command '/usr/bin/perf probe ...(10 more)' call_args {'bg': False, 'with'...(500 more)>: starting process
08-24 09:16:38 INFO    Tracing --- hit ctrl-c to end.
08-24 09:16:38 INFO    Starting the Run

08-24 09:16:39 INFO    Run Finished

08-24 09:16:39 INFO    Detaching ...
08-24 09:16:39 INFO    insertsort

08-24 09:16:39 INFO    Starting the Profiler
08-24 09:16:39 INFO    <Command '/usr/bin/perf probe ...(10 more)' call_args {'bg': False, 'with'...(500 more)>: starting process
08-24 09:16:40 INFO    Tracing --- hit ctrl-c to end.
08-24 09:16:40 INFO    Starting the Run

08-24 09:16:40 INFO    Run Finished

08-24 09:16:40 INFO    Detaching ...
08-24 09:16:40 INFO    save_median

08-24 09:16:40 INFO    Starting the Profiler
08-24 09:16:40 INFO    <Command '/usr/bin/perf probe ...(10 more)' call_args {'bg': False, 'with'...(500 more)>: starting process
08-24 09:16:41 INFO    Tracing --- hit ctrl-c to end.
08-24 09:16:41 INFO    Starting the Run

08-24 09:16:42 INFO    Run Finished

08-24 09:16:42 INFO    Detaching ...
08-24 09:16:42 INFO    start

08-24 09:16:42 INFO    Starting the Profiler
08-24 09:16:42 INFO    <Command '/usr/bin/perf probe ...(10 more)' call_args {'bg': False, 'with'...(500 more)>: starting process
08-24 09:16:43 INFO    Tracing --- hit ctrl-c to end.
08-24 09:16:43 INFO    Starting the Run

08-24 09:16:44 INFO    Run Finished

08-24 09:16:44 INFO    Detaching ...
08-24 09:16:44 INFO    handle_scheduler

08-24 09:16:44 INFO    Starting the Profiler
08-24 09:16:44 INFO    <Command '/usr/bin/perf probe ...(10 more)' call_args {'bg': False, 'with'...(500 more)>: starting process
08-24 09:16:44 INFO    Tracing --- hit ctrl-c to end.
08-24 09:16:45 INFO    Starting the Run

08-24 09:16:45 INFO    Run Finished

08-24 09:16:45 INFO    Detaching ...
08-24 09:16:45 INFO    settime

08-24 09:16:45 INFO    Starting the Profiler
08-24 09:16:45 INFO    <Command '/usr/bin/perf probe ...(10 more)' call_args {'bg': False, 'with'...(500 more)>: starting process
08-24 09:16:46 INFO    Tracing --- hit ctrl-c to end.
08-24 09:16:46 INFO    Starting the Run

08-24 09:16:47 INFO    Run Finished

08-24 09:16:47 INFO    Detaching ...
08-24 09:16:47 INFO    use_pointer

08-24 09:16:47 INFO    Starting the Profiler
08-24 09:16:47 INFO    <Command '/usr/bin/perf probe ...(10 more)' call_args {'bg': False, 'with'...(500 more)>: starting process
08-24 09:16:48 INFO    Tracing --- hit ctrl-c to end.
08-24 09:16:48 INFO    Starting the Run

08-24 09:16:48 INFO    Run Finished

08-24 09:16:48 INFO    Detaching ...
08-24 09:16:49 INFO    __libc_csu_init

08-24 09:16:49 INFO    Starting the Profiler
08-24 09:16:49 INFO    <Command '/usr/bin/perf probe ...(10 more)' call_args {'bg': False, 'with'...(500 more)>: starting process
08-24 09:16:49 INFO    Tracing --- hit ctrl-c to end.
08-24 09:16:50 INFO    Starting the Run

08-24 09:16:50 INFO    Run Finished

08-24 09:16:50 INFO    Detaching ...
08-24 09:16:50 INFO    benchmp_interval

08-24 09:16:50 INFO    Starting the Profiler
08-24 09:16:50 INFO    <Command '/usr/bin/perf probe ...(10 more)' call_args {'bg': False, 'with'...(500 more)>: starting process
08-24 09:16:51 INFO    Tracing --- hit ctrl-c to end.
08-24 09:16:51 INFO    Starting the Run

08-24 09:16:52 INFO    Run Finished

08-24 09:16:52 INFO    Detaching ...
08-24 09:16:52 INFO    tvsub

08-24 09:16:52 INFO    Starting the Profiler
08-24 09:16:52 INFO    <Command '/usr/bin/perf probe ...(10 more)' call_args {'bg': False, 'with'...(500 more)>: starting process
08-24 09:16:53 INFO    Tracing --- hit ctrl-c to end.
08-24 09:16:53 INFO    Starting the Run

08-24 09:16:53 INFO    Run Finished

08-24 09:16:53 INFO    Detaching ...
08-24 09:16:53 INFO    do_getppid

08-24 09:16:53 INFO    Starting the Profiler
08-24 09:16:53 INFO    <Command '/usr/bin/perf probe ...(10 more)' call_args {'bg': False, 'with'...(500 more)>: starting process
08-24 09:16:54 INFO    Tracing --- hit ctrl-c to end.
08-24 09:16:54 INFO    Starting the Run

08-24 09:16:55 INFO    Run Finished

08-24 09:16:55 INFO    Detaching ...
08-24 09:16:55 INFO    t_overhead

08-24 09:16:55 INFO    Starting the Profiler
08-24 09:16:55 INFO    <Command '/usr/bin/perf probe ...(10 more)' call_args {'bg': False, 'with'...(500 more)>: starting process
08-24 09:16:56 INFO    Tracing --- hit ctrl-c to end.
08-24 09:16:56 INFO    Starting the Run

08-24 09:16:57 INFO    Run Finished

08-24 09:16:57 INFO    Detaching ...
08-24 09:16:57 INFO    main

08-24 09:16:57 INFO    Starting the Profiler
08-24 09:16:57 INFO    <Command '/usr/bin/perf probe ...(10 more)' call_args {'bg': False, 'with'...(500 more)>: starting process
08-24 09:16:57 INFO    Tracing --- hit ctrl-c to end.
08-24 09:16:58 INFO    Starting the Run

08-24 09:16:58 INFO    Run Finished

08-24 09:16:58 INFO    Detaching ...
08-24 09:16:58 INFO    benchmp_parent

08-24 09:16:58 INFO    Starting the Profiler
08-24 09:16:58 INFO    <Command '/usr/bin/perf probe ...(10 more)' call_args {'bg': False, 'with'...(500 more)>: starting process
08-24 09:16:59 INFO    Tracing --- hit ctrl-c to end.
08-24 09:16:59 INFO    Starting the Run

08-24 09:17:00 INFO    Run Finished

08-24 09:17:00 INFO    Detaching ...
08-24 09:17:00 INFO    micro

08-24 09:17:00 INFO    Starting the Profiler
08-24 09:17:00 INFO    <Command '/usr/bin/perf probe ...(10 more)' call_args {'bg': False, 'with'...(500 more)>: starting process
08-24 09:17:01 INFO    Tracing --- hit ctrl-c to end.
08-24 09:17:01 INFO    Starting the Run

08-24 09:17:01 INFO    Run Finished

08-24 09:17:01 INFO    Detaching ...
08-24 09:17:02 INFO    _init

08-24 09:17:02 INFO    Starting the Profiler
08-24 09:17:02 INFO    <Command '/usr/bin/perf probe ...(10 more)' call_args {'bg': False, 'with'...(500 more)>: starting process
08-24 09:17:02 INFO    Tracing --- hit ctrl-c to end.
08-24 09:17:03 INFO    Starting the Run

08-24 09:17:03 INFO    Run Finished

08-24 09:17:03 INFO    Detaching ...
08-24 09:17:03 INFO    sizeof_result

08-24 09:17:03 INFO    Starting the Profiler
08-24 09:17:03 INFO    <Command '/usr/bin/perf probe ...(10 more)' call_args {'bg': False, 'with'...(500 more)>: starting process
08-24 09:17:04 INFO    Tracing --- hit ctrl-c to end.
08-24 09:17:04 INFO    Starting the Run

08-24 09:17:05 INFO    Run Finished

08-24 09:17:05 INFO    Detaching ...
08-24 09:17:05 INFO    l_overhead

08-24 09:17:05 INFO    Starting the Profiler
08-24 09:17:05 INFO    <Command '/usr/bin/perf probe ...(10 more)' call_args {'bg': False, 'with'...(500 more)>: starting process
08-24 09:17:06 INFO    Tracing --- hit ctrl-c to end.
08-24 09:17:06 INFO    Starting the Run

08-24 09:17:06 INFO    Run Finished

08-24 09:17:06 INFO    Detaching ...
08-24 09:17:06 INFO    Ebpf Data Analysis is starting
08-24 09:21:38 INFO    Perf monitoring is starting
08-24 09:21:38 INFO    Counter Being Profiles: 100
08-24 09:21:38 INFO    #           time             counts unit events

08-24 09:21:38 INFO         0.100081136           65196778      instructions              #    0.33  insn per cycle         

08-24 09:21:38 INFO         0.100081136          200158677      cycles                                                      

08-24 09:21:38 INFO         0.200246557           65197042      instructions              #    0.33  insn per cycle         

08-24 09:21:38 INFO         0.200246557          200798327      cycles                                                      

08-24 09:21:38 INFO         0.300346402           65141830      instructions              #    0.32  insn per cycle         

08-24 09:21:38 INFO         0.300346402          200678389      cycles                                                      

08-24 09:21:38 INFO         0.400442239          103645517      instructions              #    0.52  insn per cycle         

08-24 09:21:38 INFO         0.400442239          200675146      cycles                                                      

08-24 09:21:38 INFO         0.500543334          119958717      instructions              #    0.60  insn per cycle         

08-24 09:21:38 INFO         0.500543334          200698648      cycles                                                      

08-24 09:21:38 INFO    Simple syscall: 0.2108 microseconds

08-24 09:23:39 INFO    Perf monitoring is starting
08-24 09:23:39 INFO    Counter Being Profiles: 100
08-24 09:23:39 INFO    #           time             counts unit events

08-24 09:23:39 INFO         0.100079532           65194545      instructions              #    0.33  insn per cycle         

08-24 09:23:39 INFO         0.100079532          200138806      cycles                                                      

08-24 09:23:40 INFO         0.200243519           65198746      instructions              #    0.33  insn per cycle         

08-24 09:23:40 INFO         0.200243519          200795997      cycles                                                      

08-24 09:23:40 INFO         0.300340995           65145283      instructions              #    0.32  insn per cycle         

08-24 09:23:40 INFO         0.300340995          200673914      cycles                                                      

08-24 09:23:40 INFO         0.400433037          103589809      instructions              #    0.52  insn per cycle         

08-24 09:23:40 INFO         0.400433037          200665074      cycles                                                      

08-24 09:23:40 INFO         0.500526414          119243421      instructions              #    0.59  insn per cycle         

08-24 09:23:40 INFO         0.500526414          200746096      cycles                                                      

08-24 09:23:40 INFO    Simple syscall: 0.2159 microseconds

08-24 09:23:40 INFO         0.521216377           23537100      instructions              #    0.14  insn per cycle         

08-24 09:23:40 INFO         0.521216377           41403780      cycles                                                      

08-24 09:23:40 INFO    Perf Stat Data Analysis Started
08-24 09:23:40 ERROR   No Analysis can be done since only one Run has been performed
08-24 09:38:32 INFO    Perf monitoring is starting
08-24 09:38:32 INFO    Counter Being Profiles: 100
08-24 09:38:32 INFO    #           time             counts unit events

08-24 09:38:32 INFO         0.100079844           65212506      instructions              #    0.33  insn per cycle         

08-24 09:38:32 INFO         0.100079844          200168548      cycles                                                      

08-24 09:38:32 INFO         0.200241463           65198998      instructions              #    0.33  insn per cycle         

08-24 09:38:32 INFO         0.200241463          200792586      cycles                                                      

08-24 09:38:33 INFO         0.300339448           65418405      instructions              #    0.33  insn per cycle         

08-24 09:38:33 INFO         0.300339448          200675541      cycles                                                      

08-24 09:38:33 INFO         0.400433297          103490025      instructions              #    0.52  insn per cycle         

08-24 09:38:33 INFO         0.400433297          200667856      cycles                                                      

08-24 09:38:33 INFO         0.500526832          119934339      instructions              #    0.60  insn per cycle         

08-24 09:38:33 INFO         0.500526832          200745933      cycles                                                      

08-24 09:38:33 INFO    Simple syscall: 0.2135 microseconds

08-24 09:38:33 INFO         0.525375501           28390002      instructions              #    0.16  insn per cycle         

08-24 09:38:33 INFO         0.525375501           49726538      cycles                                                      

08-24 09:38:33 INFO    Perf Stat Data Analysis Started
08-24 09:39:33 INFO    Perf monitoring is starting
08-24 09:39:33 INFO    Counter Being Profiles: 100
08-24 09:39:33 INFO    #           time             counts unit events

08-24 09:39:33 INFO         0.100080759           65211687      instructions              #    0.33  insn per cycle         

08-24 09:39:33 INFO         0.100080759          200185393      cycles                                                      

08-24 09:39:33 INFO         0.200243258           65176150      instructions              #    0.33  insn per cycle         

08-24 09:39:33 INFO         0.200243258          200766775      cycles                                                      

08-24 09:39:33 INFO         0.300343808           65139433      instructions              #    0.32  insn per cycle         

08-24 09:39:33 INFO         0.300343808          200679903      cycles                                                      

08-24 09:39:33 INFO         0.400438882          103619902      instructions              #    0.52  insn per cycle         

08-24 09:39:33 INFO         0.400438882          200671023      cycles                                                      

08-24 09:39:33 INFO         0.500532907          119502857      instructions              #    0.60  insn per cycle         

08-24 09:39:33 INFO         0.500532907          200751810      cycles                                                      

08-24 09:39:33 INFO    Simple syscall: 0.2150 microseconds

08-24 09:39:33 INFO         0.524714670           27632195      instructions              #    0.16  insn per cycle         

08-24 09:39:33 INFO         0.524714670           48406202      cycles                                                      

08-24 09:39:33 INFO    Perf Stat Data Analysis Started
08-24 09:39:33 ERROR   No Analysis can be done since only one Run has been performed
